<?xml version="1.0" encoding="UTF-8"?>
<!-- Generated by org.testng.reporters.JUnitReportReporter -->
<testsuite hostname="INLEN8520044855" failures="0" tests="1" name="JsonPositiveFlow.FilteringResource" time="1.794" errors="0" timestamp="2022-07-06T20:04:20 IST" skipped="0">
  <testcase classname="JsonPositiveFlow.FilteringResource" name="filteringResoure" time="1.794"/>
  <system-out/>
</testsuite> <!-- JsonPositiveFlow.FilteringResource -->
