<?xml version="1.0" encoding="UTF-8"?>
<!-- Generated by org.testng.reporters.JUnitReportReporter -->
<testsuite hostname="INLEN8520044855" failures="0" tests="1" name="JsonPositiveFlow.UpdatingResource" time="3.810" errors="0" timestamp="2022-07-06T20:23:38 IST" skipped="0">
  <testcase classname="JsonPositiveFlow.UpdatingResource" name="UpdateUser" time="3.810"/>
  <system-out/>
</testsuite> <!-- JsonPositiveFlow.UpdatingResource -->
